0 info it worked if it ends with ok
1 verbose cli [ '/usr/local/bin/node',
1 verbose cli   '/usr/local/bin/npm',
1 verbose cli   'install',
1 verbose cli   '-g',
1 verbose cli   'browserify' ]
2 info using npm@2.15.8
3 info using node@v4.4.7
4 verbose install initial load of /usr/local/lib/package.json
5 verbose readDependencies loading dependencies from /usr/local/lib/package.json
6 silly cache add args [ 'browserify', null ]
7 verbose cache add spec browserify
8 silly cache add parsed spec Result {
8 silly cache add   raw: 'browserify',
8 silly cache add   scope: null,
8 silly cache add   name: 'browserify',
8 silly cache add   rawSpec: '',
8 silly cache add   spec: 'latest',
8 silly cache add   type: 'tag' }
9 silly addNamed browserify@latest
10 verbose addNamed "latest" is being treated as a dist-tag for browserify
11 info addNameTag [ 'browserify', 'latest' ]
12 silly mapToRegistry name browserify
13 silly mapToRegistry using default registry
14 silly mapToRegistry registry https://registry.npmjs.org/
15 silly mapToRegistry data Result {
15 silly mapToRegistry   raw: 'browserify',
15 silly mapToRegistry   scope: null,
15 silly mapToRegistry   name: 'browserify',
15 silly mapToRegistry   rawSpec: '',
15 silly mapToRegistry   spec: 'latest',
15 silly mapToRegistry   type: 'tag' }
16 silly mapToRegistry uri https://registry.npmjs.org/browserify
17 verbose addNameTag registry:https://registry.npmjs.org/browserify not in flight; fetching
18 verbose request uri https://registry.npmjs.org/browserify
19 verbose request no auth needed
20 info attempt registry request try #1 at 7:31:55 PM
21 verbose request id c396bc425d687840
22 verbose etag "8FSDEP54N58I3L2POBCRVIKKB"
23 http request GET https://registry.npmjs.org/browserify
24 http 304 https://registry.npmjs.org/browserify
25 verbose headers { date: 'Thu, 06 Oct 2016 02:31:55 GMT',
25 verbose headers   via: '1.1 varnish',
25 verbose headers   'cache-control': 'max-age=300',
25 verbose headers   etag: '"8FSDEP54N58I3L2POBCRVIKKB"',
25 verbose headers   age: '144',
25 verbose headers   connection: 'keep-alive',
25 verbose headers   'x-served-by': 'cache-sea1920-SEA',
25 verbose headers   'x-cache': 'HIT',
25 verbose headers   'x-cache-hits': '5',
25 verbose headers   'x-timer': 'S1475721115.322222,VS0,VE0',
25 verbose headers   vary: 'Accept-Encoding' }
26 silly get cb [ 304,
26 silly get   { date: 'Thu, 06 Oct 2016 02:31:55 GMT',
26 silly get     via: '1.1 varnish',
26 silly get     'cache-control': 'max-age=300',
26 silly get     etag: '"8FSDEP54N58I3L2POBCRVIKKB"',
26 silly get     age: '144',
26 silly get     connection: 'keep-alive',
26 silly get     'x-served-by': 'cache-sea1920-SEA',
26 silly get     'x-cache': 'HIT',
26 silly get     'x-cache-hits': '5',
26 silly get     'x-timer': 'S1475721115.322222,VS0,VE0',
26 silly get     vary: 'Accept-Encoding' } ]
27 verbose etag https://registry.npmjs.org/browserify from cache
28 verbose get saving browserify to /Users/kwamejohnson/.npm/registry.npmjs.org/browserify/.cache.json
29 verbose correctMkdir /Users/kwamejohnson/.npm correctMkdir not in flight; initializing
30 silly addNameTag next cb for browserify with tag latest
31 silly addNamed browserify@13.1.0
32 verbose addNamed "13.1.0" is a plain semver version for browserify
33 silly cache afterAdd browserify@13.1.0
34 verbose afterAdd /Users/kwamejohnson/.npm/browserify/13.1.0/package/package.json not in flight; writing
35 verbose correctMkdir /Users/kwamejohnson/.npm correctMkdir not in flight; initializing
36 verbose afterAdd /Users/kwamejohnson/.npm/browserify/13.1.0/package/package.json written
37 silly install resolved [ { name: 'browserify',
37 silly install resolved     version: '13.1.0',
37 silly install resolved     description: 'browser-side require() the node way',
37 silly install resolved     main: 'index.js',
37 silly install resolved     bin: { browserify: 'bin/cmd.js' },
37 silly install resolved     repository:
37 silly install resolved      { type: 'git',
37 silly install resolved        url: 'git+ssh://git@github.com/substack/node-browserify.git' },
37 silly install resolved     keywords:
37 silly install resolved      [ 'browser',
37 silly install resolved        'require',
37 silly install resolved        'commonjs',
37 silly install resolved        'commonj-esque',
37 silly install resolved        'bundle',
37 silly install resolved        'npm',
37 silly install resolved        'javascript' ],
37 silly install resolved     dependencies:
37 silly install resolved      { JSONStream: '^1.0.3',
37 silly install resolved        assert: '~1.3.0',
37 silly install resolved        'browser-pack': '^6.0.1',
37 silly install resolved        'browser-resolve': '^1.11.0',
37 silly install resolved        'browserify-zlib': '~0.1.2',
37 silly install resolved        buffer: '^4.1.0',
37 silly install resolved        'concat-stream': '~1.5.1',
37 silly install resolved        'console-browserify': '^1.1.0',
37 silly install resolved        'constants-browserify': '~1.0.0',
37 silly install resolved        'crypto-browserify': '^3.0.0',
37 silly install resolved        defined: '^1.0.0',
37 silly install resolved        'deps-sort': '^2.0.0',
37 silly install resolved        'domain-browser': '~1.1.0',
37 silly install resolved        duplexer2: '~0.1.2',
37 silly install resolved        events: '~1.1.0',
37 silly install resolved        glob: '^5.0.15',
37 silly install resolved        has: '^1.0.0',
37 silly install resolved        htmlescape: '^1.1.0',
37 silly install resolved        'https-browserify': '~0.0.0',
37 silly install resolved        inherits: '~2.0.1',
37 silly install resolved        'insert-module-globals': '^7.0.0',
37 silly install resolved        'labeled-stream-splicer': '^2.0.0',
37 silly install resolved        'module-deps': '^4.0.2',
37 silly install resolved        'os-browserify': '~0.1.1',
37 silly install resolved        parents: '^1.0.1',
37 silly install resolved        'path-browserify': '~0.0.0',
37 silly install resolved        process: '~0.11.0',
37 silly install resolved        punycode: '^1.3.2',
37 silly install resolved        'querystring-es3': '~0.2.0',
37 silly install resolved        'read-only-stream': '^2.0.0',
37 silly install resolved        'readable-stream': '^2.0.2',
37 silly install resolved        resolve: '^1.1.4',
37 silly install resolved        shasum: '^1.0.0',
37 silly install resolved        'shell-quote': '^1.4.3',
37 silly install resolved        'stream-browserify': '^2.0.0',
37 silly install resolved        'stream-http': '^2.0.0',
37 silly install resolved        string_decoder: '~0.10.0',
37 silly install resolved        subarg: '^1.0.0',
37 silly install resolved        'syntax-error': '^1.1.1',
37 silly install resolved        through2: '^2.0.0',
37 silly install resolved        'timers-browserify': '^1.0.1',
37 silly install resolved        'tty-browserify': '~0.0.0',
37 silly install resolved        url: '~0.11.0',
37 silly install resolved        util: '~0.10.1',
37 silly install resolved        'vm-browserify': '~0.0.1',
37 silly install resolved        xtend: '^4.0.0' },
37 silly install resolved     devDependencies:
37 silly install resolved      { backbone: '~0.9.2',
37 silly install resolved        'browser-unpack': '^1.1.1',
37 silly install resolved        'coffee-script': '~1.10.0',
37 silly install resolved        coffeeify: '~1.1.0',
37 silly install resolved        es6ify: '~0.4.8',
37 silly install resolved        isstream: '^0.1.2',
37 silly install resolved        seq: '0.3.5',
37 silly install resolved        tap: '^2.2.0',
37 silly install resolved        temp: '^0.8.1',
37 silly install resolved        through: '^2.3.4' },
37 silly install resolved     author:
37 silly install resolved      { name: 'James Halliday',
37 silly install resolved        email: 'mail@substack.net',
37 silly install resolved        url: 'http://substack.net' },
37 silly install resolved     scripts: { test: 'tap test/*.js' },
37 silly install resolved     license: 'MIT',
37 silly install resolved     gitHead: '8f5ebbf50544bdbdf34d4e0f336ac531152a5da4',
37 silly install resolved     bugs: { url: 'https://github.com/substack/node-browserify/issues' },
37 silly install resolved     homepage: 'https://github.com/substack/node-browserify#readme',
37 silly install resolved     _id: 'browserify@13.1.0',
37 silly install resolved     _shasum: 'd81a018e98dd7ca706ec04253d20f8a03b2af8ae',
37 silly install resolved     _from: 'browserify@latest',
37 silly install resolved     _npmVersion: '3.10.6',
37 silly install resolved     _nodeVersion: '5.5.0',
37 silly install resolved     _npmUser: { name: 'substack', email: 'substack@gmail.com' },
37 silly install resolved     dist:
37 silly install resolved      { shasum: 'd81a018e98dd7ca706ec04253d20f8a03b2af8ae',
37 silly install resolved        tarball: 'https://registry.npmjs.org/browserify/-/browserify-13.1.0.tgz' },
37 silly install resolved     maintainers:
37 silly install resolved      [ [Object],
37 silly install resolved        [Object],
37 silly install resolved        [Object],
37 silly install resolved        [Object],
37 silly install resolved        [Object],
37 silly install resolved        [Object],
37 silly install resolved        [Object],
37 silly install resolved        [Object],
37 silly install resolved        [Object],
37 silly install resolved        [Object],
37 silly install resolved        [Object] ],
37 silly install resolved     _npmOperationalInternal:
37 silly install resolved      { host: 'packages-16-east.internal.npmjs.com',
37 silly install resolved        tmp: 'tmp/browserify-13.1.0.tgz_1469479638293_0.43394570983946323' },
37 silly install resolved     directories: {},
37 silly install resolved     _resolved: 'https://registry.npmjs.org/browserify/-/browserify-13.1.0.tgz',
37 silly install resolved     readme: 'ERROR: No README data found!' } ]
38 info install browserify@13.1.0 into /usr/local/lib
39 info installOne browserify@13.1.0
40 verbose installOne of browserify to /usr/local/lib not in flight; installing
41 verbose correctMkdir /Users/kwamejohnson/.npm/_locks correctMkdir not in flight; initializing
42 verbose lock using /Users/kwamejohnson/.npm/_locks/browserify-361ec04d0c7090cb.lock for /usr/local/lib/node_modules/browserify
43 silly install write writing browserify 13.1.0 to /usr/local/lib/node_modules/browserify
44 verbose unbuild lib/node_modules/browserify
45 silly gentlyRm /usr/local/lib/node_modules/browserify is being purged from base /usr/local
46 verbose gentlyRm don't care about contents; nuking /usr/local/lib/node_modules/browserify
47 verbose tar unpack /Users/kwamejohnson/.npm/browserify/13.1.0/package.tgz
48 verbose tar unpacking to /usr/local/lib/node_modules/browserify
49 silly gentlyRm /usr/local/lib/node_modules/browserify is being purged
50 verbose gentlyRm don't care about contents; nuking /usr/local/lib/node_modules/browserify
51 silly gunzTarPerm modes [ '755', '644' ]
52 error tar.unpack untar error /Users/kwamejohnson/.npm/browserify/13.1.0/package.tgz
53 verbose unlock done using /Users/kwamejohnson/.npm/_locks/browserify-361ec04d0c7090cb.lock for /usr/local/lib/node_modules/browserify
54 verbose fstream_path /usr/local/lib/node_modules/browserify
55 verbose fstream_type Directory
56 verbose fstream_class DirWriter
57 verbose stack Error: EACCES: permission denied, mkdir '/usr/local/lib/node_modules/browserify'
57 verbose stack     at Error (native)
58 verbose fstream_stack /usr/local/lib/node_modules/npm/node_modules/fstream/lib/dir-writer.js:35:25
58 verbose fstream_stack /usr/local/lib/node_modules/npm/node_modules/mkdirp/index.js:47:53
58 verbose fstream_stack FSReqWrap.oncomplete (fs.js:82:15)
59 verbose cwd /Users/kwamejohnson/Documents/MEAN/scraping
60 error Darwin 15.6.0
61 error argv "/usr/local/bin/node" "/usr/local/bin/npm" "install" "-g" "browserify"
62 error node v4.4.7
63 error npm  v2.15.8
64 error path /usr/local/lib/node_modules/browserify
65 error code EACCES
66 error errno -13
67 error syscall mkdir
68 error Error: EACCES: permission denied, mkdir '/usr/local/lib/node_modules/browserify'
68 error     at Error (native)
68 error  { [Error: EACCES: permission denied, mkdir '/usr/local/lib/node_modules/browserify']
68 error   errno: -13,
68 error   code: 'EACCES',
68 error   syscall: 'mkdir',
68 error   path: '/usr/local/lib/node_modules/browserify',
68 error   fstream_type: 'Directory',
68 error   fstream_path: '/usr/local/lib/node_modules/browserify',
68 error   fstream_class: 'DirWriter',
68 error   fstream_stack:
68 error    [ '/usr/local/lib/node_modules/npm/node_modules/fstream/lib/dir-writer.js:35:25',
68 error      '/usr/local/lib/node_modules/npm/node_modules/mkdirp/index.js:47:53',
68 error      'FSReqWrap.oncomplete (fs.js:82:15)' ] }
69 error Please try running this command again as root/Administrator.
70 verbose exit [ -13, true ]
71 verbose unbuild lib/node_modules/browserify
72 silly gentlyRm /usr/local/lib/node_modules/browserify is being purged from base /usr/local
73 verbose gentlyRm don't care about contents; nuking /usr/local/lib/node_modules/browserify
